1737740516.800616 client started (1130856): version 3.4, socket /tmp/tmux-1000/default, protocol 8
1737740516.800644 on Linux 6.8.0-51-generic #52-Ubuntu SMP PREEMPT_DYNAMIC Thu Dec  5 13:09:44 UTC 2024
1737740516.800647 using libevent 2.1.12-stable poll
1737740516.800649 using ncurses 6.4 20240113
1737740516.800661 flags are 0x10010000
1737740516.800670 socket is /tmp/tmux-1000/default
1737740516.800682 trying connect
1737740516.800738 add peer 0x5f7a1482c520: 6 ((nil))
1737740516.800998 sending message 100 to peer 0x5f7a1482c520 (4 bytes)
1737740516.801004 sending message 111 to peer 0x5f7a1482c520 (8 bytes)
1737740516.801006 sending message 101 to peer 0x5f7a1482c520 (14 bytes)
1737740516.801008 sending message 109 to peer 0x5f7a1482c520 (4 bytes)
1737740516.801010 sending message 102 to peer 0x5f7a1482c520 (11 bytes)
1737740516.801012 sending message 108 to peer 0x5f7a1482c520 (25 bytes)
1737740516.801014 sending message 112 to peer 0x5f7a1482c520 (70 bytes)
1737740516.801016 sending message 112 to peer 0x5f7a1482c520 (5 bytes)
1737740516.801018 sending message 112 to peer 0x5f7a1482c520 (5 bytes)
1737740516.801020 sending message 112 to peer 0x5f7a1482c520 (6 bytes)
1737740516.801022 sending message 112 to peer 0x5f7a1482c520 (6 bytes)
1737740516.801024 sending message 112 to peer 0x5f7a1482c520 (11 bytes)
1737740516.801026 sending message 112 to peer 0x5f7a1482c520 (10 bytes)
1737740516.801028 sending message 112 to peer 0x5f7a1482c520 (13 bytes)
1737740516.801030 sending message 112 to peer 0x5f7a1482c520 (14 bytes)
1737740516.801032 sending message 112 to peer 0x5f7a1482c520 (9 bytes)
1737740516.801034 sending message 112 to peer 0x5f7a1482c520 (21 bytes)
1737740516.801036 sending message 112 to peer 0x5f7a1482c520 (19 bytes)
1737740516.801038 sending message 112 to peer 0x5f7a1482c520 (11 bytes)
1737740516.801040 sending message 112 to peer 0x5f7a1482c520 (21 bytes)
1737740516.801042 sending message 112 to peer 0x5f7a1482c520 (13 bytes)
1737740516.801044 sending message 112 to peer 0x5f7a1482c520 (7 bytes)
1737740516.801046 sending message 112 to peer 0x5f7a1482c520 (13 bytes)
1737740516.801048 sending message 112 to peer 0x5f7a1482c520 (7 bytes)
1737740516.801049 sending message 112 to peer 0x5f7a1482c520 (13 bytes)
1737740516.801051 sending message 112 to peer 0x5f7a1482c520 (9 bytes)
1737740516.801053 sending message 112 to peer 0x5f7a1482c520 (21 bytes)
1737740516.801055 sending message 112 to peer 0x5f7a1482c520 (13 bytes)
1737740516.801057 sending message 112 to peer 0x5f7a1482c520 (9 bytes)
1737740516.801059 sending message 112 to peer 0x5f7a1482c520 (16 bytes)
1737740516.801061 sending message 112 to peer 0x5f7a1482c520 (13 bytes)
1737740516.801063 sending message 112 to peer 0x5f7a1482c520 (9 bytes)
1737740516.801065 sending message 112 to peer 0x5f7a1482c520 (9 bytes)
1737740516.801067 sending message 112 to peer 0x5f7a1482c520 (12 bytes)
1737740516.801069 sending message 112 to peer 0x5f7a1482c520 (8 bytes)
1737740516.801071 sending message 112 to peer 0x5f7a1482c520 (12 bytes)
1737740516.801073 sending message 112 to peer 0x5f7a1482c520 (8 bytes)
1737740516.801075 sending message 112 to peer 0x5f7a1482c520 (13 bytes)
1737740516.801077 sending message 112 to peer 0x5f7a1482c520 (7 bytes)
1737740516.801079 sending message 112 to peer 0x5f7a1482c520 (7 bytes)
1737740516.801081 sending message 112 to peer 0x5f7a1482c520 (9 bytes)
1737740516.801083 sending message 112 to peer 0x5f7a1482c520 (12 bytes)
1737740516.801085 sending message 112 to peer 0x5f7a1482c520 (6 bytes)
1737740516.801087 sending message 112 to peer 0x5f7a1482c520 (9 bytes)
1737740516.801089 sending message 112 to peer 0x5f7a1482c520 (15 bytes)
1737740516.801091 sending message 112 to peer 0x5f7a1482c520 (13 bytes)
1737740516.801092 sending message 112 to peer 0x5f7a1482c520 (9 bytes)
1737740516.801094 sending message 112 to peer 0x5f7a1482c520 (12 bytes)
1737740516.801096 sending message 112 to peer 0x5f7a1482c520 (8 bytes)
1737740516.801098 sending message 112 to peer 0x5f7a1482c520 (14 bytes)
1737740516.801100 sending message 112 to peer 0x5f7a1482c520 (11 bytes)
1737740516.801108 sending message 112 to peer 0x5f7a1482c520 (9 bytes)
1737740516.801110 sending message 112 to peer 0x5f7a1482c520 (10 bytes)
1737740516.801112 sending message 112 to peer 0x5f7a1482c520 (10 bytes)
1737740516.801114 sending message 112 to peer 0x5f7a1482c520 (10 bytes)
1737740516.801116 sending message 112 to peer 0x5f7a1482c520 (10 bytes)
1737740516.801118 sending message 112 to peer 0x5f7a1482c520 (11 bytes)
1737740516.801120 sending message 112 to peer 0x5f7a1482c520 (12 bytes)
1737740516.801122 sending message 112 to peer 0x5f7a1482c520 (12 bytes)
1737740516.801124 sending message 112 to peer 0x5f7a1482c520 (12 bytes)
1737740516.801126 sending message 112 to peer 0x5f7a1482c520 (12 bytes)
1737740516.801128 sending message 112 to peer 0x5f7a1482c520 (12 bytes)
1737740516.801129 sending message 112 to peer 0x5f7a1482c520 (11 bytes)
1737740516.801131 sending message 112 to peer 0x5f7a1482c520 (11 bytes)
1737740516.801133 sending message 112 to peer 0x5f7a1482c520 (12 bytes)
1737740516.801135 sending message 112 to peer 0x5f7a1482c520 (12 bytes)
1737740516.801137 sending message 112 to peer 0x5f7a1482c520 (12 bytes)
1737740516.801139 sending message 112 to peer 0x5f7a1482c520 (12 bytes)
1737740516.801141 sending message 112 to peer 0x5f7a1482c520 (12 bytes)
1737740516.801143 sending message 112 to peer 0x5f7a1482c520 (9 bytes)
1737740516.801145 sending message 112 to peer 0x5f7a1482c520 (12 bytes)
1737740516.801147 sending message 112 to peer 0x5f7a1482c520 (13 bytes)
1737740516.801149 sending message 112 to peer 0x5f7a1482c520 (13 bytes)
1737740516.801151 sending message 112 to peer 0x5f7a1482c520 (13 bytes)
1737740516.801153 sending message 112 to peer 0x5f7a1482c520 (13 bytes)
1737740516.801155 sending message 112 to peer 0x5f7a1482c520 (13 bytes)
1737740516.801157 sending message 112 to peer 0x5f7a1482c520 (8 bytes)
1737740516.801159 sending message 112 to peer 0x5f7a1482c520 (11 bytes)
1737740516.801161 sending message 112 to peer 0x5f7a1482c520 (11 bytes)
1737740516.801163 sending message 112 to peer 0x5f7a1482c520 (11 bytes)
1737740516.801165 sending message 112 to peer 0x5f7a1482c520 (12 bytes)
1737740516.801167 sending message 112 to peer 0x5f7a1482c520 (12 bytes)
1737740516.801168 sending message 112 to peer 0x5f7a1482c520 (12 bytes)
1737740516.801170 sending message 112 to peer 0x5f7a1482c520 (12 bytes)
1737740516.801172 sending message 112 to peer 0x5f7a1482c520 (13 bytes)
1737740516.801174 sending message 112 to peer 0x5f7a1482c520 (13 bytes)
1737740516.801176 sending message 112 to peer 0x5f7a1482c520 (13 bytes)
1737740516.801178 sending message 112 to peer 0x5f7a1482c520 (8 bytes)
1737740516.801180 sending message 112 to peer 0x5f7a1482c520 (13 bytes)
1737740516.801182 sending message 112 to peer 0x5f7a1482c520 (13 bytes)
1737740516.801184 sending message 112 to peer 0x5f7a1482c520 (13 bytes)
1737740516.801186 sending message 112 to peer 0x5f7a1482c520 (13 bytes)
1737740516.801188 sending message 112 to peer 0x5f7a1482c520 (13 bytes)
1737740516.801190 sending message 112 to peer 0x5f7a1482c520 (12 bytes)
1737740516.801192 sending message 112 to peer 0x5f7a1482c520 (12 bytes)
1737740516.801194 sending message 112 to peer 0x5f7a1482c520 (12 bytes)
1737740516.801196 sending message 112 to peer 0x5f7a1482c520 (12 bytes)
1737740516.801198 sending message 112 to peer 0x5f7a1482c520 (13 bytes)
1737740516.801200 sending message 112 to peer 0x5f7a1482c520 (8 bytes)
1737740516.801202 sending message 112 to peer 0x5f7a1482c520 (13 bytes)
1737740516.801204 sending message 112 to peer 0x5f7a1482c520 (13 bytes)
1737740516.801206 sending message 112 to peer 0x5f7a1482c520 (13 bytes)
1737740516.801208 sending message 112 to peer 0x5f7a1482c520 (13 bytes)
1737740516.801209 sending message 112 to peer 0x5f7a1482c520 (13 bytes)
1737740516.801211 sending message 112 to peer 0x5f7a1482c520 (13 bytes)
1737740516.801213 sending message 112 to peer 0x5f7a1482c520 (13 bytes)
1737740516.801215 sending message 112 to peer 0x5f7a1482c520 (12 bytes)
1737740516.801217 sending message 112 to peer 0x5f7a1482c520 (12 bytes)
1737740516.801222 sending message 112 to peer 0x5f7a1482c520 (12 bytes)
1737740516.801224 sending message 112 to peer 0x5f7a1482c520 (8 bytes)
1737740516.801226 sending message 112 to peer 0x5f7a1482c520 (12 bytes)
1737740516.801228 sending message 112 to peer 0x5f7a1482c520 (13 bytes)
1737740516.801230 sending message 112 to peer 0x5f7a1482c520 (13 bytes)
1737740516.801232 sending message 112 to peer 0x5f7a1482c520 (13 bytes)
1737740516.801234 sending message 112 to peer 0x5f7a1482c520 (13 bytes)
1737740516.801236 sending message 112 to peer 0x5f7a1482c520 (13 bytes)
1737740516.801238 sending message 112 to peer 0x5f7a1482c520 (13 bytes)
1737740516.801240 sending message 112 to peer 0x5f7a1482c520 (13 bytes)
1737740516.801242 sending message 112 to peer 0x5f7a1482c520 (13 bytes)
1737740516.801244 sending message 112 to peer 0x5f7a1482c520 (12 bytes)
1737740516.801246 sending message 112 to peer 0x5f7a1482c520 (10 bytes)
1737740516.801247 sending message 112 to peer 0x5f7a1482c520 (12 bytes)
1737740516.801249 sending message 112 to peer 0x5f7a1482c520 (12 bytes)
1737740516.801251 sending message 112 to peer 0x5f7a1482c520 (12 bytes)
1737740516.801253 sending message 112 to peer 0x5f7a1482c520 (13 bytes)
1737740516.801255 sending message 112 to peer 0x5f7a1482c520 (13 bytes)
1737740516.801257 sending message 112 to peer 0x5f7a1482c520 (13 bytes)
1737740516.801259 sending message 112 to peer 0x5f7a1482c520 (13 bytes)
1737740516.801261 sending message 112 to peer 0x5f7a1482c520 (13 bytes)
1737740516.801263 sending message 112 to peer 0x5f7a1482c520 (13 bytes)
1737740516.801265 sending message 112 to peer 0x5f7a1482c520 (13 bytes)
1737740516.801267 sending message 112 to peer 0x5f7a1482c520 (10 bytes)
1737740516.801269 sending message 112 to peer 0x5f7a1482c520 (13 bytes)
1737740516.801271 sending message 112 to peer 0x5f7a1482c520 (12 bytes)
1737740516.801273 sending message 112 to peer 0x5f7a1482c520 (12 bytes)
1737740516.801275 sending message 112 to peer 0x5f7a1482c520 (12 bytes)
1737740516.801276 sending message 112 to peer 0x5f7a1482c520 (10 bytes)
1737740516.801278 sending message 112 to peer 0x5f7a1482c520 (10 bytes)
1737740516.801280 sending message 112 to peer 0x5f7a1482c520 (10 bytes)
1737740516.801282 sending message 112 to peer 0x5f7a1482c520 (12 bytes)
1737740516.801284 sending message 112 to peer 0x5f7a1482c520 (13 bytes)
1737740516.801286 sending message 112 to peer 0x5f7a1482c520 (13 bytes)
1737740516.801288 sending message 112 to peer 0x5f7a1482c520 (13 bytes)
1737740516.801290 sending message 112 to peer 0x5f7a1482c520 (13 bytes)
1737740516.801292 sending message 112 to peer 0x5f7a1482c520 (13 bytes)
1737740516.801294 sending message 112 to peer 0x5f7a1482c520 (10 bytes)
1737740516.801296 sending message 112 to peer 0x5f7a1482c520 (11 bytes)
1737740516.801298 sending message 112 to peer 0x5f7a1482c520 (12 bytes)
1737740516.801300 sending message 112 to peer 0x5f7a1482c520 (12 bytes)
1737740516.801302 sending message 112 to peer 0x5f7a1482c520 (12 bytes)
1737740516.801304 sending message 112 to peer 0x5f7a1482c520 (12 bytes)
1737740516.801306 sending message 112 to peer 0x5f7a1482c520 (12 bytes)
1737740516.801307 sending message 112 to peer 0x5f7a1482c520 (11 bytes)
1737740516.801309 sending message 112 to peer 0x5f7a1482c520 (12 bytes)
1737740516.801311 sending message 112 to peer 0x5f7a1482c520 (12 bytes)
1737740516.801313 sending message 112 to peer 0x5f7a1482c520 (13 bytes)
1737740516.801315 sending message 112 to peer 0x5f7a1482c520 (13 bytes)
1737740516.801317 sending message 112 to peer 0x5f7a1482c520 (13 bytes)
1737740516.801319 sending message 112 to peer 0x5f7a1482c520 (13 bytes)
1737740516.801321 sending message 112 to peer 0x5f7a1482c520 (13 bytes)
1737740516.801323 sending message 112 to peer 0x5f7a1482c520 (10 bytes)
1737740516.801325 sending message 112 to peer 0x5f7a1482c520 (9 bytes)
1737740516.801327 sending message 112 to peer 0x5f7a1482c520 (12 bytes)
1737740516.801329 sending message 112 to peer 0x5f7a1482c520 (13 bytes)
1737740516.801331 sending message 112 to peer 0x5f7a1482c520 (13 bytes)
1737740516.801335 sending message 112 to peer 0x5f7a1482c520 (13 bytes)
1737740516.801337 sending message 112 to peer 0x5f7a1482c520 (13 bytes)
1737740516.801339 sending message 112 to peer 0x5f7a1482c520 (13 bytes)
1737740516.801341 sending message 112 to peer 0x5f7a1482c520 (9 bytes)
1737740516.801343 sending message 112 to peer 0x5f7a1482c520 (12 bytes)
1737740516.801345 sending message 112 to peer 0x5f7a1482c520 (13 bytes)
1737740516.801347 sending message 112 to peer 0x5f7a1482c520 (13 bytes)
1737740516.801349 sending message 112 to peer 0x5f7a1482c520 (13 bytes)
1737740516.801351 sending message 112 to peer 0x5f7a1482c520 (13 bytes)
1737740516.801353 sending message 112 to peer 0x5f7a1482c520 (13 bytes)
1737740516.801355 sending message 112 to peer 0x5f7a1482c520 (11 bytes)
1737740516.801357 sending message 112 to peer 0x5f7a1482c520 (12 bytes)
1737740516.801359 sending message 112 to peer 0x5f7a1482c520 (13 bytes)
1737740516.801361 sending message 112 to peer 0x5f7a1482c520 (13 bytes)
1737740516.801363 sending message 112 to peer 0x5f7a1482c520 (13 bytes)
1737740516.801365 sending message 112 to peer 0x5f7a1482c520 (13 bytes)
1737740516.801367 sending message 112 to peer 0x5f7a1482c520 (13 bytes)
1737740516.801369 sending message 112 to peer 0x5f7a1482c520 (11 bytes)
1737740516.801371 sending message 112 to peer 0x5f7a1482c520 (12 bytes)
1737740516.801372 sending message 112 to peer 0x5f7a1482c520 (12 bytes)
1737740516.801374 sending message 112 to peer 0x5f7a1482c520 (12 bytes)
1737740516.801376 sending message 112 to peer 0x5f7a1482c520 (12 bytes)
1737740516.801378 sending message 112 to peer 0x5f7a1482c520 (12 bytes)
1737740516.801380 sending message 112 to peer 0x5f7a1482c520 (21 bytes)
1737740516.801382 sending message 112 to peer 0x5f7a1482c520 (12 bytes)
1737740516.801384 sending message 112 to peer 0x5f7a1482c520 (9 bytes)
1737740516.801386 sending message 112 to peer 0x5f7a1482c520 (6 bytes)
1737740516.801388 sending message 112 to peer 0x5f7a1482c520 (13 bytes)
1737740516.801390 sending message 112 to peer 0x5f7a1482c520 (10 bytes)
1737740516.801392 sending message 112 to peer 0x5f7a1482c520 (15 bytes)
1737740516.801394 sending message 112 to peer 0x5f7a1482c520 (13 bytes)
1737740516.801396 sending message 112 to peer 0x5f7a1482c520 (9 bytes)
1737740516.801398 sending message 112 to peer 0x5f7a1482c520 (70 bytes)
1737740516.801400 sending message 112 to peer 0x5f7a1482c520 (69 bytes)
1737740516.801402 sending message 112 to peer 0x5f7a1482c520 (34 bytes)
1737740516.801404 sending message 112 to peer 0x5f7a1482c520 (34 bytes)
1737740516.801406 sending message 112 to peer 0x5f7a1482c520 (70 bytes)
1737740516.801408 sending message 112 to peer 0x5f7a1482c520 (12 bytes)
1737740516.801411 sending message 112 to peer 0x5f7a1482c520 (10 bytes)
1737740516.801413 sending message 112 to peer 0x5f7a1482c520 (10 bytes)
1737740516.801415 sending message 112 to peer 0x5f7a1482c520 (15 bytes)
1737740516.801417 sending message 112 to peer 0x5f7a1482c520 (13 bytes)
1737740516.801418 sending message 112 to peer 0x5f7a1482c520 (10 bytes)
1737740516.801420 sending message 112 to peer 0x5f7a1482c520 (10 bytes)
1737740516.801422 sending message 112 to peer 0x5f7a1482c520 (17 bytes)
1737740516.801424 sending message 112 to peer 0x5f7a1482c520 (10 bytes)
1737740516.801426 sending message 112 to peer 0x5f7a1482c520 (13 bytes)
1737740516.801429 sending message 112 to peer 0x5f7a1482c520 (32 bytes)
1737740516.801431 sending message 112 to peer 0x5f7a1482c520 (5 bytes)
1737740516.801433 sending message 112 to peer 0x5f7a1482c520 (9 bytes)
1737740516.801434 sending message 112 to peer 0x5f7a1482c520 (15 bytes)
1737740516.801436 sending message 112 to peer 0x5f7a1482c520 (5 bytes)
1737740516.801439 sending message 104 to peer 0x5f7a1482c520 (0 bytes)
1737740516.801441 sending message 110 to peer 0x5f7a1482c520 (0 bytes)
1737740516.801444 sending message 107 to peer 0x5f7a1482c520 (4 bytes)
1737740516.801446 sending message 105 to peer 0x5f7a1482c520 (23 bytes)
1737740516.801448 sending message 105 to peer 0x5f7a1482c520 (20 bytes)
1737740516.801453 sending message 105 to peer 0x5f7a1482c520 (54 bytes)
1737740516.801455 sending message 105 to peer 0x5f7a1482c520 (19 bytes)
1737740516.801457 sending message 105 to peer 0x5f7a1482c520 (11 bytes)
1737740516.801459 sending message 105 to peer 0x5f7a1482c520 (12 bytes)
1737740516.801461 sending message 105 to peer 0x5f7a1482c520 (14 bytes)
1737740516.801463 sending message 105 to peer 0x5f7a1482c520 (15 bytes)
1737740516.801465 sending message 105 to peer 0x5f7a1482c520 (39 bytes)
1737740516.801467 sending message 105 to peer 0x5f7a1482c520 (55 bytes)
1737740516.801469 sending message 105 to peer 0x5f7a1482c520 (36 bytes)
1737740516.801471 sending message 105 to peer 0x5f7a1482c520 (52 bytes)
1737740516.801473 sending message 105 to peer 0x5f7a1482c520 (30 bytes)
1737740516.801475 sending message 105 to peer 0x5f7a1482c520 (19 bytes)
1737740516.801477 sending message 105 to peer 0x5f7a1482c520 (28 bytes)
1737740516.801479 sending message 105 to peer 0x5f7a1482c520 (17 bytes)
1737740516.801481 sending message 105 to peer 0x5f7a1482c520 (41 bytes)
1737740516.801483 sending message 105 to peer 0x5f7a1482c520 (17 bytes)
1737740516.801485 sending message 105 to peer 0x5f7a1482c520 (18 bytes)
1737740516.801487 sending message 105 to peer 0x5f7a1482c520 (14 bytes)
1737740516.801489 sending message 105 to peer 0x5f7a1482c520 (28 bytes)
1737740516.801491 sending message 105 to peer 0x5f7a1482c520 (12 bytes)
1737740516.801493 sending message 105 to peer 0x5f7a1482c520 (50 bytes)
1737740516.801495 sending message 105 to peer 0x5f7a1482c520 (577 bytes)
1737740516.801497 sending message 105 to peer 0x5f7a1482c520 (16 bytes)
1737740516.801499 sending message 105 to peer 0x5f7a1482c520 (29 bytes)
1737740516.801501 sending message 105 to peer 0x5f7a1482c520 (19 bytes)
1737740516.801503 sending message 105 to peer 0x5f7a1482c520 (18 bytes)
1737740516.801505 sending message 105 to peer 0x5f7a1482c520 (19 bytes)
1737740516.801507 sending message 105 to peer 0x5f7a1482c520 (8 bytes)
1737740516.801509 sending message 105 to peer 0x5f7a1482c520 (19 bytes)
1737740516.801511 sending message 105 to peer 0x5f7a1482c520 (43 bytes)
1737740516.801513 sending message 105 to peer 0x5f7a1482c520 (18 bytes)
1737740516.801515 sending message 105 to peer 0x5f7a1482c520 (25 bytes)
1737740516.801517 sending message 105 to peer 0x5f7a1482c520 (38 bytes)
1737740516.801519 sending message 105 to peer 0x5f7a1482c520 (33 bytes)
1737740516.801521 sending message 105 to peer 0x5f7a1482c520 (53 bytes)
1737740516.801523 sending message 105 to peer 0x5f7a1482c520 (31 bytes)
1737740516.801525 sending message 105 to peer 0x5f7a1482c520 (45 bytes)
1737740516.801527 sending message 105 to peer 0x5f7a1482c520 (13 bytes)
1737740516.801529 sending message 105 to peer 0x5f7a1482c520 (59 bytes)
1737740516.801531 sending message 105 to peer 0x5f7a1482c520 (11 bytes)
1737740516.801533 sending message 105 to peer 0x5f7a1482c520 (35 bytes)
1737740516.801535 sending message 105 to peer 0x5f7a1482c520 (41 bytes)
1737740516.801537 sending message 105 to peer 0x5f7a1482c520 (23 bytes)
1737740516.801539 sending message 105 to peer 0x5f7a1482c520 (151 bytes)
1737740516.801541 sending message 105 to peer 0x5f7a1482c520 (49 bytes)
1737740516.801548 sending message 105 to peer 0x5f7a1482c520 (31 bytes)
1737740516.801550 sending message 105 to peer 0x5f7a1482c520 (15 bytes)
1737740516.801552 sending message 105 to peer 0x5f7a1482c520 (52 bytes)
1737740516.801554 sending message 105 to peer 0x5f7a1482c520 (23 bytes)
1737740516.801556 sending message 105 to peer 0x5f7a1482c520 (23 bytes)
1737740516.801558 sending message 105 to peer 0x5f7a1482c520 (18 bytes)
1737740516.801560 sending message 105 to peer 0x5f7a1482c520 (58 bytes)
1737740516.801562 sending message 105 to peer 0x5f7a1482c520 (21 bytes)
1737740516.801564 sending message 105 to peer 0x5f7a1482c520 (11 bytes)
1737740516.801566 sending message 105 to peer 0x5f7a1482c520 (20 bytes)
1737740516.801568 sending message 105 to peer 0x5f7a1482c520 (44 bytes)
1737740516.801570 sending message 105 to peer 0x5f7a1482c520 (39 bytes)
1737740516.801577 sending message 105 to peer 0x5f7a1482c520 (16 bytes)
1737740516.801579 sending message 105 to peer 0x5f7a1482c520 (24 bytes)
1737740516.801581 sending message 105 to peer 0x5f7a1482c520 (20 bytes)
1737740516.801583 sending message 105 to peer 0x5f7a1482c520 (10 bytes)
1737740516.801585 sending message 106 to peer 0x5f7a1482c520 (0 bytes)
1737740516.801623 sending message 200 to peer 0x5f7a1482c520 (4 bytes)
1737740516.801625 client loop enter
1737740516.801949 peer 0x5f7a1482c520 message 303
1737740516.801956 open write file 2 -
1737740516.801962 sending message 305 to peer 0x5f7a1482c520 (8 bytes)
1737740516.801970 write check file 2
1737740516.802076 peer 0x5f7a1482c520 message 304
1737740516.802080 write 58 to file 2
1737740516.802083 peer 0x5f7a1482c520 message 203
1737740516.802085 file 2 58 bytes left
1737740516.802097 write check file 2
1737740516.802099 client loop exit
